<?xml version="1.0" encoding="UTF-8" ?>
<testsuite tests="58" failures="0" name="edu.pitt.battleshipgame.common.ships.ShipsSuite" time="0.566" errors="0" skipped="0">
  <properties>
    <property name="java.runtime.name" value="Java(TM) SE Runtime Environment"/>
    <property name="sun.boot.library.path" value="C:\Program Files (x86)\Java\jdk1.8.0_60\jre\bin"/>
    <property name="java.vm.version" value="25.60-b23"/>
    <property name="java.vm.vendor" value="Oracle Corporation"/>
    <property name="java.vendor.url" value="http://java.oracle.com/"/>
    <property name="path.separator" value=";"/>
    <property name="guice.disable.misplaced.annotation.check" value="true"/>
    <property name="java.vm.name" value="Java HotSpot(TM) Client VM"/>
    <property name="file.encoding.pkg" value="sun.io"/>
    <property name="user.script" value=""/>
    <property name="user.country" value="US"/>
    <property name="sun.java.launcher" value="SUN_STANDARD"/>
    <property name="sun.os.patch.level" value=""/>
    <property name="test" value="edu.pitt.battleshipgame.common.ships.ShipsSuite"/>
    <property name="java.vm.specification.name" value="Java Virtual Machine Specification"/>
    <property name="user.dir" value="C:\Users\Luke\Documents\GitHub\mavenproject2"/>
    <property name="java.runtime.version" value="1.8.0_60-b27"/>
    <property name="java.awt.graphicsenv" value="sun.awt.Win32GraphicsEnvironment"/>
    <property name="java.endorsed.dirs" value="C:\Program Files (x86)\Java\jdk1.8.0_60\jre\lib\endorsed"/>
    <property name="os.arch" value="x86"/>
    <property name="java.io.tmpdir" value="C:\Users\Luke\AppData\Local\Temp\"/>
    <property name="line.separator" value="
"/>
    <property name="java.vm.specification.vendor" value="Oracle Corporation"/>
    <property name="user.variant" value=""/>
    <property name="os.name" value="Windows 10"/>
    <property name="maven.ext.class.path" value="C:\Program Files\NetBeans 8.2\java\maven-nblib\netbeans-eventspy.jar"/>
    <property name="classworlds.conf" value="C:\Program Files\NetBeans 8.2\java\maven\bin\m2.conf"/>
    <property name="sun.jnu.encoding" value="Cp1252"/>
    <property name="java.library.path" value="C:\Program Files (x86)\Java\jdk1.8.0_60\bin;C:\WINDOWS\Sun\Java\bin;C:\WINDOWS\system32;C:\WINDOWS;C:\Perl64\site\bin;C:\Perl64\bin;C:\ProgramData\Oracle\Java\javapath;C:\Program Files\Java\jdk1.8.0_31\bin;question7;C:\Program Files (x86)\Intel\iCLS Client\;C:\Program Files\Intel\iCLS Client\;C:\WINDOWS\system32;C:\WINDOWS;C:\WINDOWS\System32\Wbem;C:\WINDOWS\System32\WindowsPowerShell\v1.0\;C:\Program Files\Intel\Intel(R) Management Engine Components\DAL;C:\Program Files\Intel\Intel(R) Management Engine Components\IPT;C:\Program Files (x86)\Intel\Intel(R) Management Engine Components\DAL;C:\Program Files (x86)\Intel\Intel(R) Management Engine Components\IPT;C:\Program Files\Intel\WiFi\bin\;C:\Program Files\Common Files\Intel\WirelessCommon\;C:\Program Files (x86)\PharosSystems\Core;C:\Program Files\Microsoft SQL Server\110\Tools\Binn\;C:\Program Files (x86)\Microsoft SDKs\TypeScript\1.0\;C:\Program Files (x86)\QuickTime\QTSystem\;C:\WINDOWS\system32\config\systemprofile\.dnx\bin;C:\Program Files\Microsoft DNX\Dnvm\;C:\Program Files\Microsoft SQL Server\120\Tools\Binn\;C:\Program Files (x86)\Windows Kits\10\Windows Performance Toolkit\;C:\Program Files (x86)\nodejs\;C:\Program Files (x86)\Windows Live\Shared;C:\Program Files (x86)\Common Files\Adobe\AGL;C:\Users\Luke\AppData\Roaming\npm;%USERPROFILE%\AppData\Local\Microsoft\WindowsApps;;."/>
    <property name="java.specification.name" value="Java Platform API Specification"/>
    <property name="java.class.version" value="52.0"/>
    <property name="sun.management.compiler" value="HotSpot Client Compiler"/>
    <property name="os.version" value="10.0"/>
    <property name="user.home" value="C:\Users\Luke"/>
    <property name="user.timezone" value="America/New_York"/>
    <property name="java.awt.printerjob" value="sun.awt.windows.WPrinterJob"/>
    <property name="java.specification.version" value="1.8"/>
    <property name="file.encoding" value="UTF-8"/>
    <property name="user.name" value="Luke"/>
    <property name="java.class.path" value="C:\Program Files\NetBeans 8.2\java\maven\boot\plexus-classworlds-2.4.jar"/>
    <property name="java.vm.specification.version" value="1.8"/>
    <property name="sun.arch.data.model" value="32"/>
    <property name="java.home" value="C:\Program Files (x86)\Java\jdk1.8.0_60\jre"/>
    <property name="sun.java.command" value="org.codehaus.plexus.classworlds.launcher.Launcher -Dtest=edu.pitt.battleshipgame.common.ships.ShipsSuite -Dmaven.ext.class.path=C:\Program Files\NetBeans 8.2\java\maven-nblib\netbeans-eventspy.jar -Dfile.encoding=UTF-8 surefire:test"/>
    <property name="java.specification.vendor" value="Oracle Corporation"/>
    <property name="user.language" value="en"/>
    <property name="awt.toolkit" value="sun.awt.windows.WToolkit"/>
    <property name="java.vm.info" value="mixed mode, sharing"/>
    <property name="java.version" value="1.8.0_60"/>
    <property name="java.ext.dirs" value="C:\Program Files (x86)\Java\jdk1.8.0_60\jre\lib\ext;C:\WINDOWS\Sun\Java\lib\ext"/>
    <property name="sun.boot.class.path" value="C:\Program Files (x86)\Java\jdk1.8.0_60\jre\lib\resources.jar;C:\Program Files (x86)\Java\jdk1.8.0_60\jre\lib\rt.jar;C:\Program Files (x86)\Java\jdk1.8.0_60\jre\lib\sunrsasign.jar;C:\Program Files (x86)\Java\jdk1.8.0_60\jre\lib\jsse.jar;C:\Program Files (x86)\Java\jdk1.8.0_60\jre\lib\jce.jar;C:\Program Files (x86)\Java\jdk1.8.0_60\jre\lib\charsets.jar;C:\Program Files (x86)\Java\jdk1.8.0_60\jre\lib\jfr.jar;C:\Program Files (x86)\Java\jdk1.8.0_60\jre\classes"/>
    <property name="java.vendor" value="Oracle Corporation"/>
    <property name="maven.home" value="C:\Program Files\NetBeans 8.2\java\maven"/>
    <property name="file.separator" value="\"/>
    <property name="java.vendor.url.bug" value="http://bugreport.sun.com/bugreport/"/>
    <property name="sun.cpu.endian" value="little"/>
    <property name="sun.io.unicode.encoding" value="UnicodeLittle"/>
    <property name="sun.desktop" value="windows"/>
    <property name="sun.cpu.isalist" value="pentium_pro+mmx pentium_pro pentium+mmx pentium i486 i386 i86"/>
  </properties>
  <testcase classname="edu.pitt.battleshipgame.common.ships.ShipTest" name="testGetStart" time="0.039"/>
  <testcase classname="edu.pitt.battleshipgame.common.ships.ShipTest" name="testIsSunkFalse" time="0"/>
  <testcase classname="edu.pitt.battleshipgame.common.ships.ShipTest" name="testIsValidFalse" time="0.001"/>
  <testcase classname="edu.pitt.battleshipgame.common.ships.ShipTest" name="testIsValidTrue" time="0.001"/>
  <testcase classname="edu.pitt.battleshipgame.common.ships.ShipTest" name="testAddBoard" time="0.015"/>
  <testcase classname="edu.pitt.battleshipgame.common.ships.ShipTest" name="testGetName" time="0"/>
  <testcase classname="edu.pitt.battleshipgame.common.ships.ShipTest" name="testGetType" time="0"/>
  <testcase classname="edu.pitt.battleshipgame.common.ships.ShipTest" name="testMaxAllowed" time="0"/>
  <testcase classname="edu.pitt.battleshipgame.common.ships.ShipTest" name="testGetCoordinates" time="0.002"/>
  <testcase classname="edu.pitt.battleshipgame.common.ships.ShipTest" name="testIsSunkTrue" time="0.001"/>
  <testcase classname="edu.pitt.battleshipgame.common.ships.ShipTest" name="testGetLength" time="0"/>
  <testcase classname="edu.pitt.battleshipgame.common.ships.ShipTest" name="testGetEnd" time="0.001"/>
  <testcase classname="edu.pitt.battleshipgame.common.ships.ShipTest" name="testRegisterHit" time="0.003"/>
  <testcase classname="edu.pitt.battleshipgame.common.ships.CruiserTest" name="testGetName" time="0"/>
  <testcase classname="edu.pitt.battleshipgame.common.ships.CruiserTest" name="testGetType" time="0"/>
  <testcase classname="edu.pitt.battleshipgame.common.ships.CruiserTest" name="testMaxAllowed" time="0.001"/>
  <testcase classname="edu.pitt.battleshipgame.common.ships.CruiserTest" name="testGetLength" time="0.001"/>
  <testcase classname="edu.pitt.battleshipgame.common.ships.SubmarineTest" name="testGetName" time="0.001"/>
  <testcase classname="edu.pitt.battleshipgame.common.ships.SubmarineTest" name="testGetType" time="0.001"/>
  <testcase classname="edu.pitt.battleshipgame.common.ships.SubmarineTest" name="testMaxAllowed" time="0.001"/>
  <testcase classname="edu.pitt.battleshipgame.common.ships.SubmarineTest" name="testGetLength" time="0.001"/>
  <testcase classname="edu.pitt.battleshipgame.common.ships.BattleshipTest" name="testGetName" time="0"/>
  <testcase classname="edu.pitt.battleshipgame.common.ships.BattleshipTest" name="testGetType" time="0.001"/>
  <testcase classname="edu.pitt.battleshipgame.common.ships.BattleshipTest" name="testMaxAllowed" time="0.001"/>
  <testcase classname="edu.pitt.battleshipgame.common.ships.BattleshipTest" name="testGetLength" time="0"/>
  <testcase classname="edu.pitt.battleshipgame.common.ships.DestroyerTest" name="testGetName" time="0.001"/>
  <testcase classname="edu.pitt.battleshipgame.common.ships.DestroyerTest" name="testGetType" time="0"/>
  <testcase classname="edu.pitt.battleshipgame.common.ships.DestroyerTest" name="testMaxAllowed" time="0.001"/>
  <testcase classname="edu.pitt.battleshipgame.common.ships.DestroyerTest" name="testGetLength" time="0.001"/>
  <testcase classname="edu.pitt.battleshipgame.common.ships.ShipFactoryTest" name="testMaxAllowedFromTypeCarrier" time="0.002"/>
  <testcase classname="edu.pitt.battleshipgame.common.ships.ShipFactoryTest" name="testNewShipFromTypeCruiser_name" time="0.001"/>
  <testcase classname="edu.pitt.battleshipgame.common.ships.ShipFactoryTest" name="testMaxAllowedFromTypeCruiser" time="0"/>
  <testcase classname="edu.pitt.battleshipgame.common.ships.ShipFactoryTest" name="testGetNameFromTypeBattlship" time="0"/>
  <testcase classname="edu.pitt.battleshipgame.common.ships.ShipFactoryTest" name="testMaxAllowedFromTypeBattleship" time="0"/>
  <testcase classname="edu.pitt.battleshipgame.common.ships.ShipFactoryTest" name="testNewShipFromTypeCarrier_start" time="0"/>
  <testcase classname="edu.pitt.battleshipgame.common.ships.ShipFactoryTest" name="testNewShipFromTypeDestroyer_name" time="0"/>
  <testcase classname="edu.pitt.battleshipgame.common.ships.ShipFactoryTest" name="testNewShipFromTypeCruiser_end" time="0"/>
  <testcase classname="edu.pitt.battleshipgame.common.ships.ShipFactoryTest" name="testGetNameFromTypeSubmarine" time="0"/>
  <testcase classname="edu.pitt.battleshipgame.common.ships.ShipFactoryTest" name="testNewShipFromTypeBattleship_end" time="0"/>
  <testcase classname="edu.pitt.battleshipgame.common.ships.ShipFactoryTest" name="testNewShipFromTypeBattleship_name" time="0"/>
  <testcase classname="edu.pitt.battleshipgame.common.ships.ShipFactoryTest" name="testNewShipFromTypeCarrier_name" time="0.001"/>
  <testcase classname="edu.pitt.battleshipgame.common.ships.ShipFactoryTest" name="testMaxAllowedFromTypeSubmarine" time="0.001"/>
  <testcase classname="edu.pitt.battleshipgame.common.ships.ShipFactoryTest" name="testNewShipFromTypeDestroyer_end" time="0"/>
  <testcase classname="edu.pitt.battleshipgame.common.ships.ShipFactoryTest" name="testGetNameFromTypeCarrier" time="0"/>
  <testcase classname="edu.pitt.battleshipgame.common.ships.ShipFactoryTest" name="testNewShipFromTypeSubmarine_end" time="0.002"/>
  <testcase classname="edu.pitt.battleshipgame.common.ships.ShipFactoryTest" name="testNewShipFromTypeSubmarine_name" time="0.001"/>
  <testcase classname="edu.pitt.battleshipgame.common.ships.ShipFactoryTest" name="testGetNameFromTypeCruiser" time="0"/>
  <testcase classname="edu.pitt.battleshipgame.common.ships.ShipFactoryTest" name="testNewShipFromTypeCruiser_start" time="0"/>
  <testcase classname="edu.pitt.battleshipgame.common.ships.ShipFactoryTest" name="testGetNameFromTypeDestroyer" time="0"/>
  <testcase classname="edu.pitt.battleshipgame.common.ships.ShipFactoryTest" name="testNewShipFromTypeDestroyer_start" time="0"/>
  <testcase classname="edu.pitt.battleshipgame.common.ships.ShipFactoryTest" name="testNewShipFromTypeSubmarine_start" time="0.001"/>
  <testcase classname="edu.pitt.battleshipgame.common.ships.ShipFactoryTest" name="testMaxAllowedFromTypeDestroyer" time="0"/>
  <testcase classname="edu.pitt.battleshipgame.common.ships.ShipFactoryTest" name="testNewShipFromTypeBattleship_start" time="0.001"/>
  <testcase classname="edu.pitt.battleshipgame.common.ships.ShipFactoryTest" name="testNewShipFromTypeCarrier_end" time="0.001"/>
  <testcase classname="edu.pitt.battleshipgame.common.ships.CarrierTest" name="testGetName" time="0.001"/>
  <testcase classname="edu.pitt.battleshipgame.common.ships.CarrierTest" name="testGetType" time="0.001"/>
  <testcase classname="edu.pitt.battleshipgame.common.ships.CarrierTest" name="testMaxAllowed" time="0.001"/>
  <testcase classname="edu.pitt.battleshipgame.common.ships.CarrierTest" name="testGetLength" time="0"/>
</testsuite>